<?xml version="1.0" encoding="UTF-8"?>
<testng-results ignored="0" total="1" passed="1" failed="0" skipped="0">
  <reporter-output>
  </reporter-output>
  <suite started-at="2025-06-18T15:25:38 IST" name="Default suite" finished-at="2025-06-18T15:26:07 IST" duration-ms="29701">
    <groups>
    </groups>
    <test started-at="2025-06-18T15:25:38 IST" name="Default test" finished-at="2025-06-18T15:26:07 IST" duration-ms="29701">
      <class name="Tests.Test_ForgotPassword">
        <test-method is-config="true" signature="setUpReport()[pri:0, instance:Tests.Test_ForgotPassword@3ad83a66]" started-at="2025-06-18T15:25:37 IST" name="setUpReport" finished-at="2025-06-18T15:25:38 IST" duration-ms="896" status="PASS">
          <reporter-output>
          </reporter-output>
        </test-method> <!-- setUpReport -->
        <test-method is-config="true" signature="openApplication()[pri:0, instance:Tests.Test_ForgotPassword@3ad83a66]" started-at="2025-06-18T15:25:38 IST" name="openApplication" finished-at="2025-06-18T15:25:50 IST" duration-ms="12538" status="PASS">
          <reporter-output>
          </reporter-output>
        </test-method> <!-- openApplication -->
        <test-method signature="testcase3()[pri:0, instance:Tests.Test_ForgotPassword@3ad83a66]" started-at="2025-06-18T15:25:50 IST" name="testcase3" finished-at="2025-06-18T15:26:07 IST" duration-ms="16292" status="PASS">
          <reporter-output>
          </reporter-output>
        </test-method> <!-- testcase3 -->
        <test-method is-config="true" signature="tearDown(org.testng.ITestResult)[pri:0, instance:Tests.Test_ForgotPassword@3ad83a66]" started-at="2025-06-18T15:26:07 IST" name="tearDown" finished-at="2025-06-18T15:26:07 IST" duration-ms="673" status="PASS">
          <params>
            <param index="0">
              <value>
                <![CDATA[[TestResult name=testcase3 status=SUCCESS method=Test_ForgotPassword.testcase3()[pri:0, instance:Tests.Test_ForgotPassword@3ad83a66] output={null}]]]>
              </value>
            </param>
          </params>
          <reporter-output>
          </reporter-output>
        </test-method> <!-- tearDown -->
        <test-method is-config="true" signature="tearDownSuite()[pri:0, instance:Tests.Test_ForgotPassword@3ad83a66]" started-at="2025-06-18T15:26:07 IST" name="tearDownSuite" finished-at="2025-06-18T15:26:08 IST" duration-ms="879" status="PASS">
          <reporter-output>
          </reporter-output>
        </test-method> <!-- tearDownSuite -->
      </class> <!-- Tests.Test_ForgotPassword -->
    </test> <!-- Default test -->
  </suite> <!-- Default suite -->
</testng-results>
